TN:
SF:src/api/phrasesApi.ts
FN:3,(anonymous_0)
FN:15,(anonymous_1)
FN:31,(anonymous_2)
FNF:3
FNH:3
FNDA:2,(anonymous_0)
FNDA:2,(anonymous_1)
FNDA:2,(anonymous_2)
DA:1,7
DA:3,7
DA:4,2
DA:5,2
DA:6,2
DA:7,1
DA:8,1
DA:10,1
DA:11,1
DA:15,7
DA:16,2
DA:17,2
DA:22,2
DA:23,1
DA:24,1
DA:26,1
DA:27,1
DA:31,7
DA:32,2
DA:33,2
DA:36,2
DA:37,1
DA:38,1
DA:40,1
DA:41,1
LF:25
LH:25
BRDA:6,0,0,1
BRDA:6,0,1,1
BRDA:22,1,0,1
BRDA:22,1,1,1
BRDA:36,2,0,1
BRDA:36,2,1,1
BRF:6
BRH:6
end_of_record
TN:
SF:src/api/constants/index.ts
FNF:0
FNH:0
DA:2,7
LF:1
LH:1
BRF:0
BRH:0
end_of_record
TN:
SF:src/components/AppContainer/index.tsx
FN:6,(anonymous_0)
FNF:1
FNH:1
FNDA:1,(anonymous_0)
DA:1,1
DA:2,1
DA:3,1
DA:4,1
DA:6,1
DA:7,1
LF:6
LH:6
BRF:0
BRH:0
end_of_record
TN:
SF:src/components/ConfirmModal/index.tsx
FN:11,(anonymous_0)
FNF:1
FNH:1
FNDA:5,(anonymous_0)
DA:2,2
DA:11,2
DA:19,5
LF:3
LH:3
BRDA:27,0,0,5
BRDA:27,0,1,4
BRDA:27,0,2,4
BRF:3
BRH:3
end_of_record
TN:
SF:src/components/PhraseFilter/index.tsx
FN:12,(anonymous_0)
FN:17,(anonymous_1)
FN:18,(anonymous_2)
FN:27,(anonymous_3)
FNF:4
FNH:4
FNDA:13,(anonymous_0)
FNDA:9,(anonymous_1)
FNDA:9,(anonymous_2)
FNDA:4,(anonymous_3)
DA:1,1
DA:7,1
DA:8,1
DA:9,1
DA:10,1
DA:12,1
DA:13,13
DA:14,13
DA:15,13
DA:17,13
DA:18,9
DA:19,9
DA:20,9
DA:21,7
DA:22,7
DA:26,13
DA:28,4
DA:33,13
LF:18
LH:18
BRDA:20,0,0,2
BRDA:20,0,1,7
BRDA:21,1,0,7
BRDA:21,1,1,0
BRDA:21,2,0,7
BRDA:21,2,1,1
BRF:6
BRH:5
end_of_record
TN:
SF:src/components/PhraseForm/index.tsx
FN:5,(anonymous_0)
FN:10,(anonymous_1)
FN:26,(anonymous_2)
FN:32,(anonymous_3)
FNF:4
FNH:4
FNDA:17,(anonymous_0)
FNDA:5,(anonymous_1)
FNDA:2,(anonymous_2)
FNDA:5,(anonymous_3)
DA:1,1
DA:2,1
DA:3,1
DA:5,1
DA:6,17
DA:7,17
DA:8,17
DA:10,17
DA:11,5
DA:12,5
DA:13,2
DA:14,2
DA:17,3
DA:18,3
DA:19,1
DA:20,1
DA:22,2
DA:26,17
DA:29,2
DA:32,17
DA:35,5
DA:36,5
DA:39,17
LF:23
LH:23
BRDA:12,0,0,2
BRDA:12,0,1,3
BRDA:29,1,0,1
BRDA:29,1,1,1
BRDA:36,2,0,1
BRDA:36,2,1,4
BRDA:49,3,0,17
BRDA:49,3,1,4
BRF:8
BRH:8
end_of_record
TN:
SF:src/components/PhrasesCard/index.tsx
FN:7,(anonymous_0)
FN:17,(anonymous_1)
FN:28,(anonymous_2)
FN:38,(anonymous_3)
FN:50,(anonymous_4)
FNF:5
FNH:5
FNDA:20,(anonymous_0)
FNDA:3,(anonymous_1)
FNDA:1,(anonymous_2)
FNDA:2,(anonymous_3)
FNDA:4,(anonymous_4)
DA:1,2
DA:3,2
DA:4,2
DA:5,2
DA:7,2
DA:8,20
DA:9,20
DA:10,20
DA:17,20
DA:18,3
DA:19,3
DA:20,3
DA:28,20
DA:29,1
DA:30,1
DA:38,20
DA:39,2
DA:40,2
DA:41,2
DA:50,20
DA:51,4
DA:57,4
DA:60,20
LF:23
LH:23
BRDA:18,0,0,2
BRDA:18,0,1,1
BRDA:39,1,0,2
BRDA:39,1,1,0
BRDA:78,2,0,20
BRDA:78,2,1,7
BRDA:83,3,0,7
BRDA:83,3,1,2
BRF:8
BRH:7
end_of_record
TN:
SF:src/components/PhrasesGrid/index.tsx
FN:6,(anonymous_0)
FN:23,(anonymous_1)
FNF:2
FNH:2
FNDA:4,(anonymous_0)
FNDA:3,(anonymous_1)
DA:1,1
DA:2,1
DA:3,1
DA:4,1
DA:6,1
DA:7,4
DA:8,4
DA:10,4
DA:12,3
DA:13,1
DA:21,2
DA:24,3
LF:12
LH:12
BRDA:10,0,0,1
BRDA:10,0,1,3
BRDA:12,1,0,1
BRDA:12,1,1,2
BRF:4
BRH:4
end_of_record
TN:
SF:src/context/PhrasesContext.ts
FN:23,(anonymous_0)
FN:32,(anonymous_1)
FN:33,(anonymous_2)
FN:45,(anonymous_3)
FN:48,(anonymous_4)
FN:54,(anonymous_5)
FN:57,(anonymous_6)
FN:57,(anonymous_7)
FN:64,(anonymous_8)
FN:71,(anonymous_9)
FN:71,(anonymous_10)
FNF:11
FNH:11
FNDA:16,(anonymous_0)
FNDA:5,(anonymous_1)
FNDA:5,(anonymous_2)
FNDA:1,(anonymous_3)
FNDA:1,(anonymous_4)
FNDA:1,(anonymous_5)
FNDA:1,(anonymous_6)
FNDA:1,(anonymous_7)
FNDA:7,(anonymous_8)
FNDA:13,(anonymous_9)
FNDA:9,(anonymous_10)
DA:1,6
DA:11,6
DA:19,6
DA:23,6
DA:28,16
DA:29,16
DA:30,16
DA:32,16
DA:33,5
DA:34,5
DA:35,5
DA:36,4
DA:38,1
DA:40,5
DA:45,16
DA:46,1
DA:47,1
DA:48,1
DA:50,0
DA:54,16
DA:55,1
DA:56,1
DA:57,1
DA:59,0
DA:63,16
DA:64,16
DA:65,7
DA:66,7
DA:67,7
DA:70,16
DA:71,13
DA:75,16
DA:85,16
LF:33
LH:31
BRF:0
BRH:0
end_of_record
TN:
SF:src/context/usePhrases.tsx
FN:4,(anonymous_0)
FNF:1
FNH:1
FNDA:15,(anonymous_0)
DA:1,5
DA:2,5
DA:4,5
DA:5,15
DA:6,15
DA:7,2
DA:8,13
LF:7
LH:7
BRDA:6,0,0,2
BRDA:6,0,1,13
BRF:2
BRH:2
end_of_record
TN:
SF:src/hooks/useDebounce.ts
FN:4,(anonymous_0)
FN:7,(anonymous_1)
FN:9,(anonymous_2)
FN:12,(anonymous_3)
FNF:4
FNH:4
FNDA:13,(anonymous_0)
FNDA:9,(anonymous_1)
FNDA:4,(anonymous_2)
FNDA:9,(anonymous_3)
DA:1,1
DA:2,1
DA:4,1
DA:5,13
DA:7,13
DA:8,9
DA:9,4
DA:12,9
DA:15,13
LF:9
LH:9
BRF:0
BRH:0
end_of_record
TN:
SF:src/hooks/useEmptyState.tsx
FN:3,(anonymous_0)
FNF:1
FNH:1
FNDA:3,(anonymous_0)
DA:1,2
DA:3,2
DA:4,3
DA:6,3
DA:7,3
DA:9,3
DA:10,1
DA:11,2
DA:12,1
DA:13,1
DA:16,3
LF:11
LH:11
BRDA:9,0,0,1
BRDA:9,0,1,2
BRDA:11,1,0,1
BRDA:11,1,1,1
BRF:4
BRH:4
end_of_record
TN:
SF:src/hooks/useMobileModal.tsx
FN:4,(anonymous_0)
FN:7,(anonymous_1)
FN:8,(anonymous_2)
FN:12,(anonymous_3)
FNF:4
FNH:4
FNDA:6,(anonymous_0)
FNDA:3,(anonymous_1)
FNDA:3,(anonymous_2)
FNDA:3,(anonymous_3)
DA:1,2
DA:2,2
DA:4,2
DA:5,6
DA:7,6
DA:8,3
DA:9,3
DA:10,3
DA:11,3
DA:12,3
DA:15,6
LF:11
LH:11
BRF:0
BRH:0
end_of_record
